<?xml version="1.0" encoding="UTF-8"?>
<!-- Generated by org.testng.reporters.JUnitXMLReporter -->
<testsuite hostname="Jayarees-MacBook-Pro.local" ignored="0" name="Signup_from_FUN" tests="8" failures="1" timestamp="27 Nov 2019 10:15:34 GMT" time="99.479" errors="0">
  <testcase name="i_am_a_user_of_Axate_and_I_am_on_the_registration_page_through_slough_FUN" time="11.862" classname="Stepdef.Maidenhead.MAISMO19_Transaction_through_new_publication_notice"/>
  <testcase name="i_register_successfully_on_slough_with_one_pound" time="31.25" classname="Stepdef.Maidenhead.MAISMO19_Transaction_through_new_publication_notice"/>
  <testcase name="click_ok_on_the_finish_notice" time="2.08" classname="Stepdef.Maidenhead.MAISMO19_Transaction_through_new_publication_notice"/>
  <testcase name="navigate_to_a_premium_article_on_maidenhead" time="1.528" classname="Stepdef.Maidenhead.MAISMO19_Transaction_through_new_publication_notice"/>
  <testcase name="opt_just_charge_me_on_the_newpublication_notice_and_click_ok" time="20.172" classname="Stepdef.Maidenhead.MAISMO19_Transaction_through_new_publication_notice"/>
  <testcase name="twentyfivep_is_displayed_on_the_green_tab" time="20.284" classname="Stepdef.Maidenhead.MAISMO19_Transaction_through_new_publication_notice">
    <failure type="org.openqa.selenium.TimeoutException" message="Expected condition failed: waiting for visibility of element located by By.id: __currency__amount (tried for 20 second(s) with 500 milliseconds interval)
Build info: version: &amp;apos;3.141.59&amp;apos;, revision: &amp;apos;e82be7d358&amp;apos;, time: &amp;apos;2018-11-14T08:17:03&amp;apos;
System info: host: &amp;apos;Jayarees-MacBook-Pro.local&amp;apos;, ip: &amp;apos;fe80:0:0:0:c53:5723:1897:9109%en0&amp;apos;, os.name: &amp;apos;Mac OS X&amp;apos;, os.arch: &amp;apos;x86_64&amp;apos;, os.version: &amp;apos;10.14.6&amp;apos;, java.version: &amp;apos;1.8.0_191&amp;apos;
Driver info: org.openqa.selenium.chrome.ChromeDriver
Capabilities {acceptInsecureCerts: false, acceptSslCerts: false, applicationCacheEnabled: false, browserConnectionEnabled: false, browserName: chrome, chrome: {chromedriverVersion: 2.43.600229 (3fae4d0cda5334..., userDataDir: /var/folders/s6/h3svzd2j4f3...}, cssSelectorsEnabled: true, databaseEnabled: false, goog:chromeOptions: {debuggerAddress: localhost:54486}, handlesAlerts: true, hasTouchScreen: false, javascriptEnabled: true, locationContextEnabled: true, mobileEmulationEnabled: false, nativeEvents: true, networkConnectionEnabled: false, pageLoadStrategy: normal, platform: MAC, platformName: MAC, rotatable: false, setWindowRect: true, takesHeapSnapshot: true, takesScreenshot: true, unexpectedAlertBehaviour: , unhandledPromptBehavior: , version: 78.0.3904.108, webStorageEnabled: true}
Session ID: 5a7f51b148a1d941f770dc6e252cd592">
      <![CDATA[org.openqa.selenium.TimeoutException: Expected condition failed: waiting for visibility of element located by By.id: __currency__amount (tried for 20 second(s) with 500 milliseconds interval)
Build info: version: '3.141.59', revision: 'e82be7d358', time: '2018-11-14T08:17:03'
System info: host: 'Jayarees-MacBook-Pro.local', ip: 'fe80:0:0:0:c53:5723:1897:9109%en0', os.name: 'Mac OS X', os.arch: 'x86_64', os.version: '10.14.6', java.version: '1.8.0_191'
Driver info: org.openqa.selenium.chrome.ChromeDriver
Capabilities {acceptInsecureCerts: false, acceptSslCerts: false, applicationCacheEnabled: false, browserConnectionEnabled: false, browserName: chrome, chrome: {chromedriverVersion: 2.43.600229 (3fae4d0cda5334..., userDataDir: /var/folders/s6/h3svzd2j4f3...}, cssSelectorsEnabled: true, databaseEnabled: false, goog:chromeOptions: {debuggerAddress: localhost:54486}, handlesAlerts: true, hasTouchScreen: false, javascriptEnabled: true, locationContextEnabled: true, mobileEmulationEnabled: false, nativeEvents: true, networkConnectionEnabled: false, pageLoadStrategy: normal, platform: MAC, platformName: MAC, rotatable: false, setWindowRect: true, takesHeapSnapshot: true, takesScreenshot: true, unexpectedAlertBehaviour: , unhandledPromptBehavior: , version: 78.0.3904.108, webStorageEnabled: true}
Session ID: 5a7f51b148a1d941f770dc6e252cd592
at org.openqa.selenium.support.ui.WebDriverWait.timeoutException(WebDriverWait.java:95)
at org.openqa.selenium.support.ui.FluentWait.until(FluentWait.java:272)
at Elements.Wallet_Elements.green_tab_price(Wallet_Elements.java:126)
at Stepdef.Maidenhead.MAISMO19_Transaction_through_new_publication_notice.twentyfivep_is_displayed_on_the_green_tab(MAISMO19_Transaction_through_new_publication_notice.java:138)
... Removed 25 stack frames]]>
    </failure>
  </testcase> <!-- twentyfivep_is_displayed_on_the_green_tab -->
  <testcase name="wallet_balance_is_detucted_by_twentyfivep" time="6.149" classname="Stepdef.Maidenhead.MAISMO19_Transaction_through_new_publication_notice"/>
  <testcase name="free_point_is_detucted_by_twentyfivep" time="6.116" classname="Stepdef.Maidenhead.MAISMO19_Transaction_through_new_publication_notice"/>
</testsuite> <!-- Signup_from_FUN -->
