<?xml version="1.0" encoding="UTF-8"?>
<testng-results skipped="0" failed="0" ignored="0" total="0" passed="0">
  <reporter-output>
  </reporter-output>
  <suite name=" Maidenhead Safari" duration-ms="8" started-at="2020-08-21T12:12:25Z" finished-at="2020-08-21T12:12:25Z">
    <groups>
    </groups>
    <test name="Signup_from_FUN" duration-ms="8" started-at="2020-08-21T12:12:25Z" finished-at="2020-08-21T12:12:25Z">
    </test> <!-- Signup_from_FUN -->
  </suite> <!--  Maidenhead Safari -->
</testng-results>
